0 info it worked if it ends with ok
1 verbose cli [ '/usr/local/bin/node', '/usr/local/bin/npm', 'start' ]
2 info using npm@3.10.8
3 info using node@v7.0.0
4 verbose run-script [ 'prestart', 'start', 'poststart' ]
5 info lifecycle website@1.0.0~prestart: website@1.0.0
6 silly lifecycle website@1.0.0~prestart: no script for prestart, continuing
7 info lifecycle website@1.0.0~start: website@1.0.0
8 verbose lifecycle website@1.0.0~start: unsafe-perm in lifecycle true
9 verbose lifecycle website@1.0.0~start: PATH: /usr/local/lib/node_modules/npm/bin/node-gyp-bin:/Users/MMac/Desktop/website/node_modules/.bin:/Library/Frameworks/Python.framework/Versions/3.7/bin:/anaconda2/bin:/anaconda3/condabin:/Library/Frameworks/Python.framework/Versions/2.7/bin:/Users/MMac/.rvm/gems/ruby-2.2.2/bin:/Users/MMac/.rvm/gems/ruby-2.2.2@global/bin:/Users/MMac/.rvm/rubies/ruby-2.2.2/bin:/Applications/Postgres.app/Contents/Versions/9.4/bin:/usr/local:/usr/local/bin:/usr/local/sbin:/usr/bin:/usr/local/bin:/usr/bin:/bin:/usr/sbin:/sbin:/Library/TeX/texbin:/opt/X11/bin:/Users/MMac/.rvm/bin
10 verbose lifecycle website@1.0.0~start: CWD: /Users/MMac/Desktop/website
11 silly lifecycle website@1.0.0~start: Args: [ '-c',
11 silly lifecycle   'wwebpack-dev-server --content-base src --hot --inline' ]
12 info lifecycle website@1.0.0~start: Failed to exec start script
13 verbose stack Error: website@1.0.0 start: `wwebpack-dev-server --content-base src --hot --inline`
13 verbose stack spawn ENOENT
13 verbose stack     at ChildProcess.<anonymous> (/usr/local/lib/node_modules/npm/lib/utils/spawn.js:33:16)
13 verbose stack     at emitTwo (events.js:106:13)
13 verbose stack     at ChildProcess.emit (events.js:191:7)
13 verbose stack     at maybeClose (internal/child_process.js:877:16)
13 verbose stack     at Process.ChildProcess._handle.onexit (internal/child_process.js:226:5)
14 verbose pkgid website@1.0.0
15 verbose cwd /Users/MMac/Desktop/website
16 error Darwin 18.7.0
17 error argv "/usr/local/bin/node" "/usr/local/bin/npm" "start"
18 error node v7.0.0
19 error npm  v3.10.8
20 error file sh
21 error code ELIFECYCLE
22 error errno ENOENT
23 error syscall spawn
24 error website@1.0.0 start: `wwebpack-dev-server --content-base src --hot --inline`
24 error spawn ENOENT
25 error Failed at the website@1.0.0 start script 'wwebpack-dev-server --content-base src --hot --inline'.
25 error Make sure you have the latest version of node.js and npm installed.
25 error If you do, this is most likely a problem with the website package,
25 error not with npm itself.
25 error Tell the author that this fails on your system:
25 error     wwebpack-dev-server --content-base src --hot --inline
25 error You can get information on how to open an issue for this project with:
25 error     npm bugs website
25 error Or if that isn't available, you can get their info via:
25 error     npm owner ls website
25 error There is likely additional logging output above.
26 verbose exit [ 1, true ]
